12-26 16:53:37[DEBUG] [0][BattleInfo] BattleInfo:initRandSeed: 714053
12-26 16:53:37[DEBUG] [0]主场为true
12-26 16:53:54[DEBUG] [276]己方绝招链开始
12-26 16:54:02[DEBUG] [507]己方绝招链结束
12-26 16:54:05[DEBUG] [603]revise skill BfighterBreak_030102 100050004 buffTrigger
12-26 16:54:05[DEBUG] [603]敌方绝招链开始
12-26 16:54:05[DEBUG] [603]revise skill BfighterBreak_030102 100050004 buffTrigger
12-26 16:54:08[DEBUG] [682]revise skill BfighterBreak_030102 100050004 buffTrigger
12-26 16:54:08[DEBUG] [688]敌方绝招链结束
12-26 16:54:28[DEBUG] [1282]revise skill BfighterBreak_030102 100050004 buffTrigger
12-26 16:54:28[DEBUG] [1282]敌方绝招链开始
12-26 16:54:28[DEBUG] [1282]revise skill BfighterBreak_030102 100050004 buffTrigger
12-26 16:54:28[DEBUG] [1296]己方绝招链开始
12-26 16:54:31[DEBUG] [1394]revise skill BfighterBreak_030102 100050004 buffTrigger
12-26 16:54:36[DEBUG] [1522]己方绝招链结束
12-26 16:54:36[DEBUG] [1522]敌方绝招链结束
12-26 16:54:37[DEBUG] [1574]己方绝招链开始
12-26 16:54:42[DEBUG] [1712]己方绝招链结束
12-26 16:54:42[DEBUG] [1715]己方绝招链开始
12-26 16:54:45[DEBUG] [1798]己方绝招链结束
12-26 16:54:45[DEBUG] [1798]己方绝招链开始
12-26 16:54:47[DEBUG] [1851]己方绝招链结束
12-26 17:00:11[DEBUG] [0][BattleInfo] BattleInfo:initRandSeed: 118053
12-26 17:00:11[DEBUG] [0]主场为true
12-26 17:00:34[DEBUG] [497]己方绝招链开始
12-26 17:00:38[DEBUG] [607]敌方绝招链开始
12-26 17:00:42[DEBUG] [720]己方绝招链结束
12-26 17:00:42[DEBUG] [720]敌方绝招链结束
12-26 17:00:44[DEBUG] [781]己方绝招链开始
12-26 17:00:51[DEBUG] [959]己方绝招链结束
12-26 17:02:57[DEBUG] [0][BattleInfo] BattleInfo:initRandSeed: 779053
12-26 17:02:57[DEBUG] [0]主场为true
12-26 17:03:10[DEBUG] [35]己方绝招链开始
12-26 17:03:24[DEBUG] [369]己方绝招链结束
12-26 17:03:56[DEBUG] [0][BattleInfo] BattleInfo:initRandSeed: 630153
12-26 17:03:56[DEBUG] [0]主场为true
12-26 17:04:02[DEBUG] [47]己方绝招链开始
12-26 17:04:03[DEBUG] [64]敌方绝招链开始
12-26 17:04:06[DEBUG] [123]敌方绝招链结束
12-26 17:04:06[DEBUG] [123]敌方绝招链开始
12-26 17:04:07[DEBUG] [153]敌方绝招链结束
12-26 17:04:07[DEBUG] [160]敌方绝招链开始
12-26 17:04:10[DEBUG] [241]己方绝招链结束
12-26 17:04:10[DEBUG] [241]敌方绝招链结束
12-26 17:04:12[DEBUG] [308]己方绝招链开始
12-26 17:04:20[DEBUG] [508]敌方绝招链开始
12-26 17:04:21[DEBUG] [540]敌方绝招链结束
12-26 17:04:21[DEBUG] [548]敌方绝招链开始
12-26 17:04:24[DEBUG] [626]己方绝招链结束
12-26 17:04:24[DEBUG] [626]敌方绝招链结束
12-26 17:04:25[DEBUG] [664]己方绝招链开始
12-26 17:04:34[DEBUG] [888]敌方绝招链开始
12-26 17:04:35[DEBUG] [908]己方绝招链结束
12-26 17:04:35[DEBUG] [908]敌方绝招链结束
12-26 17:10:01[DEBUG] [0][BattleInfo] BattleInfo:initRandSeed: 104153
12-26 17:10:01[DEBUG] [0]主场为true
12-26 17:10:06[DEBUG] [6]敌方绝招链开始
12-26 17:10:08[DEBUG] [46]己方绝招链开始
12-26 17:10:10[DEBUG] [123]敌方绝招链结束
12-26 17:10:10[DEBUG] [123]敌方绝招链开始
12-26 17:10:12[DEBUG] [168]敌方绝招链结束
12-26 17:10:12[DEBUG] [170]敌方绝招链开始
12-26 17:10:20[DEBUG] [358]己方绝招链结束
12-26 17:10:20[DEBUG] [358]敌方绝招链结束
12-26 17:10:23[DEBUG] [443]己方绝招链开始
12-26 17:49:25[DEBUG] [623]己方绝招链结束
12-26 19:16:27[DEBUG] [0][BattleInfo] BattleInfo:initRandSeed: 789853
12-26 19:16:27[DEBUG] [0]主场为true
12-26 19:16:37[DEBUG] [6]敌方绝招链开始
12-26 19:16:38[DEBUG] [46]己方绝招链开始
12-26 19:16:48[DEBUG] [370]己方绝招链结束
12-26 19:16:48[DEBUG] [370]敌方绝招链结束
12-26 19:16:50[DEBUG] [452]敌方绝招链开始
12-26 19:16:57[DEBUG] [519]敌方绝招链结束
12-26 19:16:59[DEBUG] [613]己方绝招链开始
12-26 19:17:00[DEBUG] [655]己方绝招链结束
12-26 19:17:07[DEBUG] [842]敌方绝招链开始
12-26 19:17:09[DEBUG] [928]敌方绝招链结束
12-26 19:17:09[DEBUG] [933]己方绝招链开始
12-26 19:17:20[DEBUG] [1266]己方绝招链结束
12-26 19:17:22[DEBUG] [1354]敌方绝招链开始
12-26 19:17:24[DEBUG] [1428]敌方绝招链结束
12-26 19:17:24[DEBUG] [1433]己方绝招链开始
12-26 19:17:35[DEBUG] [1802]敌方绝招链开始
12-26 19:17:53[DEBUG] [1861]己方绝招链结束
12-26 19:17:53[DEBUG] [1861]敌方绝招链结束
