12-26 11:55:33[DEBUG] [0][BattleInfo] -------------------------------------------------------
12-26 11:55:33[DEBUG] [0][BattleInfo] --
12-26 11:55:33[DEBUG] [0][BattleInfo] -- [Warning] BattleInfo:initRandSeed seed is nil.
12-26 11:55:33[DEBUG] [0][BattleInfo] --
12-26 11:55:33[DEBUG] [0][BattleInfo] -------------------------------------------------------
12-26 11:55:33[DEBUG] [0][BattleInfo] BattleInfo:initRandSeed: 335233
12-26 11:55:33[DEBUG] [0]主场为true
12-26 11:55:37[DEBUG] [58]revise skill Intro_ryu 40001 connectionTime
12-26 11:55:37[DEBUG] [58]revise skill Intro_ryu 40001 connectionTime
12-26 11:55:37[DEBUG] [58]revise skill Intro_ryu 40001 connectionTime
12-26 11:55:38[DEBUG] [107]敌方绝招链开始
12-26 11:55:38[DEBUG] [112]敌方绝招链结束
12-26 11:55:38[DEBUG] [112]敌方绝招链开始
12-26 11:55:41[DEBUG] [167]己方绝招链开始
12-26 11:55:52[DEBUG] [387]己方绝招链结束
12-26 11:55:52[DEBUG] [387]敌方绝招链结束
12-26 11:55:53[DEBUG] [395]敌方绝招链开始
12-26 11:55:59[DEBUG] [588]敌方绝招链结束
12-26 11:56:02[DEBUG] [636]己方绝招链开始
12-26 11:56:09[DEBUG] [830]敌方绝招链开始
12-26 11:56:09[DEBUG] [830]revise skill Intro_juri 170903 connectionTime
12-26 11:56:09[DEBUG] [830]revise skill Intro_juri 170903 connectionTime
12-26 11:56:09[DEBUG] [830]revise skill Intro_juri 170903 connectionTime
12-26 11:56:13[DEBUG] [891]敌方绝招链结束
12-26 11:56:13[DEBUG] [891]敌方绝招链开始
12-26 11:56:16[DEBUG] [942]己方绝招链结束
12-26 11:56:16[DEBUG] [946]己方绝招链开始
12-26 11:56:17[DEBUG] [962]己方绝招链结束
12-26 11:56:17[DEBUG] [962]己方绝招链开始
12-26 11:56:17[DEBUG] [962]己方绝招链结束
12-26 11:56:17[DEBUG] [962]己方绝招链开始
12-26 11:56:34[DEBUG] [1084]己方绝招链结束
12-26 11:56:34[DEBUG] [1087]己方绝招链开始
12-26 11:56:42[DEBUG] [1242]己方绝招链结束
12-26 11:56:42[DEBUG] [1242]敌方绝招链结束
12-26 11:56:43[DEBUG] [1253]敌方绝招链开始
12-26 11:56:54[DEBUG] [1594]敌方绝招链结束
12-26 11:59:43[DEBUG] [0][BattleInfo] BattleInfo:initRandSeed: 387233
12-26 11:59:43[DEBUG] [0]主场为true
12-26 12:00:04[DEBUG] [45]己方绝招链开始
12-26 12:00:12[DEBUG] [242]己方绝招链结束
12-26 12:00:18[DEBUG] [328]己方绝招链开始
12-26 12:00:26[DEBUG] [478]己方绝招链结束
12-26 12:04:06[DEBUG] [0][BattleInfo] BattleInfo:initRandSeed: 640333
12-26 12:04:06[DEBUG] [0]主场为true
12-26 12:04:29[DEBUG] [549]己方绝招链开始
12-26 12:04:33[DEBUG] [643]己方绝招链结束
12-26 12:04:36[DEBUG] [687]敌方绝招链开始
12-26 12:04:40[DEBUG] [801]己方绝招链开始
12-26 12:04:47[DEBUG] [1003]己方绝招链结束
12-26 12:04:47[DEBUG] [1003]敌方绝招链结束
12-26 12:05:28[DEBUG] [0][BattleInfo] BattleInfo:initRandSeed: 821333
12-26 12:05:28[DEBUG] [0]主场为true
12-26 12:05:46[DEBUG] [204]敌方绝招链开始
12-26 12:05:53[DEBUG] [407]敌方绝招链结束
12-26 12:05:56[DEBUG] [472]己方绝招链开始
12-26 12:06:04[DEBUG] [689]己方绝招链结束
12-26 12:06:05[DEBUG] [713]敌方绝招链开始
12-26 12:06:13[DEBUG] [914]敌方绝招链结束
12-26 12:07:52[DEBUG] [0][BattleInfo] BattleInfo:initRandSeed: 272333
12-26 12:07:52[DEBUG] [0]主场为true
12-26 12:08:03[DEBUG] [102]己方绝招链开始
12-26 12:08:09[DEBUG] [260]己方绝招链结束
12-26 12:08:17[DEBUG] [444]己方绝招链开始
12-26 12:08:24[DEBUG] [652]己方绝招链结束
