12-26 20:14:12[DEBUG] [0][BattleInfo] BattleInfo:initRandSeed: 254263
12-26 20:14:12[DEBUG] [0]主场为true
12-26 20:14:17[DEBUG] [6]敌方绝招链开始
12-26 20:14:17[DEBUG] [33]敌方绝招链结束
12-26 20:14:17[DEBUG] [35]敌方绝招链开始
12-26 20:14:17[DEBUG] [40]己方绝招链开始
12-26 20:14:18[DEBUG] [78]敌方绝招链结束
12-26 20:14:18[DEBUG] [78]敌方绝招链开始
12-26 20:14:27[DEBUG] [359]己方绝招链结束
12-26 20:14:27[DEBUG] [359]敌方绝招链结束
12-26 20:14:28[DEBUG] [387]敌方绝招链开始
12-26 20:14:29[DEBUG] [428]敌方绝招链结束
12-26 20:14:31[DEBUG] [490]revise skill BfighterCamp_030205 11010112 condition
12-26 20:14:31[DEBUG] [490]revise skill BfighterCamp_030205 11010112 condition
12-26 20:14:40[DEBUG] [499]己方绝招链开始
12-26 20:14:44[DEBUG] [649]敌方绝招链开始
12-26 20:14:49[DEBUG] [793]己方绝招链结束
12-26 20:14:49[DEBUG] [793]敌方绝招链结束
12-26 20:14:52[DEBUG] [919]己方绝招链开始
12-26 20:14:56[DEBUG] [1056]敌方绝招链开始
12-26 20:14:57[DEBUG] [1081]己方绝招链结束
12-26 20:14:57[DEBUG] [1081]敌方绝招链结束
12-26 20:15:59[DEBUG] [0][BattleInfo] BattleInfo:initRandSeed: 955263
12-26 20:15:59[DEBUG] [0]主场为true
12-26 20:16:05[DEBUG] [61]己方绝招链开始
12-26 20:16:05[DEBUG] [64]敌方绝招链开始
12-26 20:16:07[DEBUG] [123]敌方绝招链结束
12-26 20:16:07[DEBUG] [123]敌方绝招链开始
12-26 20:16:08[DEBUG] [153]敌方绝招链结束
12-26 20:16:08[DEBUG] [153]敌方绝招链开始
12-26 20:16:15[DEBUG] [361]己方绝招链结束
12-26 20:16:15[DEBUG] [361]敌方绝招链结束
12-26 20:19:23[DEBUG] [0][BattleInfo] BattleInfo:initRandSeed: 367263
12-26 20:19:23[DEBUG] [0]主场为true
12-26 20:19:23[DEBUG] [0]revise skill BfighterCamp_030401 60922 condition
12-26 20:19:23[DEBUG] [0]revise skill BfighterCamp_030401 60922 condition
12-26 20:19:29[DEBUG] [49]己方绝招链开始
12-26 20:19:32[DEBUG] [158]敌方绝招链开始
12-26 20:19:39[DEBUG] [370]己方绝招链结束
12-26 20:19:39[DEBUG] [370]敌方绝招链结束
12-26 20:19:42[DEBUG] [481]己方绝招链开始
12-26 20:19:48[DEBUG] [666]己方绝招链结束
12-26 20:27:50[DEBUG] [0][BattleInfo] BattleInfo:initRandSeed: 72363
12-26 20:27:50[DEBUG] [0]主场为true
12-26 20:27:54[DEBUG] [6]敌方绝招链开始
12-26 20:27:55[DEBUG] [46]己方绝招链开始
12-26 20:27:57[DEBUG] [123]敌方绝招链结束
12-26 20:27:57[DEBUG] [123]敌方绝招链开始
12-26 20:27:59[DEBUG] [168]敌方绝招链结束
12-26 20:27:59[DEBUG] [168]敌方绝招链开始
12-26 20:28:05[DEBUG] [358]己方绝招链结束
12-26 20:28:05[DEBUG] [358]敌方绝招链结束
12-26 20:28:08[DEBUG] [479]己方绝招链开始
12-26 20:28:09[DEBUG] [531]己方绝招链结束
12-26 20:28:31[DEBUG] [0][BattleInfo] BattleInfo:initRandSeed: 113363
12-26 20:28:31[DEBUG] [0]主场为true
12-26 20:28:36[DEBUG] [6]敌方绝招链开始
12-26 20:28:37[DEBUG] [32]己方绝招链开始
12-26 20:28:47[DEBUG] [376]己方绝招链结束
12-26 20:28:47[DEBUG] [376]敌方绝招链结束
12-26 20:28:48[DEBUG] [424]敌方绝招链开始
12-26 20:28:49[DEBUG] [472]己方绝招链开始
12-26 20:28:51[DEBUG] [532]己方绝招链结束
12-26 20:28:51[DEBUG] [532]敌方绝招链结束
12-26 20:28:53[DEBUG] [604]revise skill BfighterCamp_030603 170115 condition
12-26 20:28:53[DEBUG] [604]revise skill BfighterCamp_030603 170115 condition
12-26 20:28:53[DEBUG] [604]revise skill BfighterCamp_030603 170103 condition
12-26 20:28:53[DEBUG] [604]revise skill BfighterCamp_030603 170103 condition
12-26 20:28:53[DEBUG] [604]revise skill BfighterCamp_030603 170102 condition
12-26 20:28:53[DEBUG] [604]revise skill BfighterCamp_030603 170102 condition
12-26 20:28:59[DEBUG] [774]己方绝招链开始
12-26 20:29:00[DEBUG] [837]敌方绝招链开始
12-26 20:29:09[DEBUG] [1120]己方绝招链结束
12-26 20:29:09[DEBUG] [1120]敌方绝招链结束
12-26 20:29:10[DEBUG] [1148]敌方绝招链开始
12-26 20:29:11[DEBUG] [1194]敌方绝招链结束
12-26 20:29:12[DEBUG] [1234]己方绝招链开始
12-26 20:29:17[DEBUG] [1407]己方绝招链结束
12-26 20:39:01[DEBUG] [0][BattleInfo] BattleInfo:initRandSeed: 149363
12-26 20:39:01[DEBUG] [0]主场为true
12-26 20:39:10[DEBUG] [132]己方绝招链开始
12-26 20:39:14[DEBUG] [282]己方绝招链结束
12-26 20:39:34[DEBUG] [0][BattleInfo] BattleInfo:initRandSeed: 479363
12-26 20:39:34[DEBUG] [0]主场为true
12-26 20:39:42[DEBUG] [132]己方绝招链开始
12-26 20:39:46[DEBUG] [309]己方绝招链结束
12-26 20:40:02[DEBUG] [0][BattleInfo] BattleInfo:initRandSeed: 200463
12-26 20:40:02[DEBUG] [0]主场为true
12-26 20:40:11[DEBUG] [172]己方绝招链开始
12-26 20:40:18[DEBUG] [458]己方绝招链结束
12-26 20:45:47[DEBUG] [0][BattleInfo] BattleInfo:initRandSeed: 743463
12-26 20:45:47[DEBUG] [0]主场为true
12-26 20:45:52[DEBUG] [5]敌方绝招链开始
12-26 20:45:54[DEBUG] [83]敌方绝招链结束
12-26 20:45:54[DEBUG] [93]己方绝招链开始
12-26 20:45:56[DEBUG] [183]敌方绝招链开始
12-26 20:46:03[DEBUG] [382]敌方绝招链结束
12-26 20:46:03[DEBUG] [386]敌方绝招链开始
12-26 20:46:05[DEBUG] [475]己方绝招链结束
12-26 20:46:05[DEBUG] [475]敌方绝招链结束
12-26 20:46:07[DEBUG] [553]己方绝招链开始
12-26 20:46:08[DEBUG] [595]己方绝招链结束
12-26 20:46:30[DEBUG] [0][BattleInfo] BattleInfo:initRandSeed: 93463
12-26 20:46:30[DEBUG] [0]主场为true
12-26 20:46:30[DEBUG] [0]revise skill BfighterCamp_040201 100040005 condition
12-26 20:46:30[DEBUG] [0]revise skill BfighterCamp_040201 100040005 condition
12-26 20:46:39[DEBUG] [45]己方绝招链开始
12-26 20:46:49[DEBUG] [353]敌方绝招链开始
12-26 20:46:52[DEBUG] [471]己方绝招链结束
12-26 20:46:52[DEBUG] [471]敌方绝招链结束
12-26 20:46:56[DEBUG] [623]己方绝招链开始
12-26 20:46:58[DEBUG] [701]己方绝招链结束
12-26 20:48:04[DEBUG] [0][BattleInfo] BattleInfo:initRandSeed: 484463
12-26 20:48:04[DEBUG] [0]主场为true
12-26 20:48:16[DEBUG] [234]敌方绝招链开始
12-26 20:48:24[DEBUG] [545]敌方绝招链结束
12-26 20:48:25[DEBUG] [570]己方绝招链开始
12-26 20:48:26[DEBUG] [615]敌方绝招链开始
12-26 20:48:35[DEBUG] [981]己方绝招链结束
12-26 20:48:35[DEBUG] [981]敌方绝招链结束
12-26 20:48:38[DEBUG] [1067]敌方绝招链开始
12-26 20:48:41[DEBUG] [1195]敌方绝招链结束
12-26 20:48:41[DEBUG] [1197]敌方绝招链开始
12-26 20:48:48[DEBUG] [1433]敌方绝招链结束
12-26 20:48:52[DEBUG] [1619]己方绝招链开始
12-26 20:48:57[DEBUG] [1804]己方绝招链结束
12-26 20:54:31[DEBUG] [0][BattleInfo] BattleInfo:initRandSeed: 178463
12-26 20:54:31[DEBUG] [0]主场为true
12-26 20:54:37[DEBUG] [40]己方绝招链开始
12-26 20:54:37[DEBUG] [51]敌方绝招链开始
12-26 20:54:40[DEBUG] [172]己方绝招链结束
12-26 20:54:40[DEBUG] [172]敌方绝招链结束
12-26 20:54:42[DEBUG] [241]己方绝招链开始
12-26 20:54:47[DEBUG] [411]己方绝招链结束
12-26 20:54:49[DEBUG] [464]revise skill BfighterCamp_040302 80102 condition
12-26 20:54:49[DEBUG] [464]revise skill BfighterCamp_040302 80102 condition
12-26 20:54:49[DEBUG] [464]revise skill BfighterCamp_040302 80103 condition
12-26 20:54:49[DEBUG] [464]revise skill BfighterCamp_040302 80103 condition
12-26 20:55:00[DEBUG] [469]revise skill BfighterCamp_040302 80102 buffTrigger
12-26 20:55:00[DEBUG] [472]revise skill BfighterCamp_040302 80102 buffTrigger
12-26 20:55:02[DEBUG] [558]敌方绝招链开始
12-26 20:55:03[DEBUG] [615]revise skill BfighterCamp_040302 80102 buffTrigger
12-26 20:55:04[DEBUG] [627]敌方绝招链结束
12-26 20:55:04[DEBUG] [648]敌方绝招链开始
12-26 20:55:05[DEBUG] [683]己方绝招链开始
12-26 20:55:13[DEBUG] [957]己方绝招链结束
12-26 20:55:13[DEBUG] [957]敌方绝招链结束
12-26 20:55:19[DEBUG] [1149]己方绝招链开始
12-26 20:55:20[DEBUG] [1189]敌方绝招链开始
12-26 20:55:20[DEBUG] [1191]己方绝招链结束
12-26 20:55:20[DEBUG] [1191]敌方绝招链结束
12-26 21:01:29[DEBUG] [0][BattleInfo] BattleInfo:initRandSeed: 982563
12-26 21:01:29[DEBUG] [0]主场为true
12-26 21:01:40[DEBUG] [258]己方绝招链开始
12-26 21:01:45[DEBUG] [453]敌方绝招链开始
12-26 21:01:49[DEBUG] [603]己方绝招链结束
12-26 21:01:49[DEBUG] [603]敌方绝招链结束
12-26 21:01:53[DEBUG] [751]敌方绝招链开始
12-26 21:01:55[DEBUG] [829]敌方绝招链结束
12-26 21:01:55[DEBUG] [834]己方绝招链开始
12-26 21:01:57[DEBUG] [886]己方绝招链结束
12-26 21:03:07[DEBUG] [0][BattleInfo] BattleInfo:initRandSeed: 783563
12-26 21:03:07[DEBUG] [0]主场为true
12-26 21:03:07[DEBUG] [0]revise skill BfighterBreak_050102 100050006 condition
12-26 21:03:07[DEBUG] [0]revise skill BfighterBreak_050102 100050006 condition
12-26 21:03:15[DEBUG] [164]己方绝招链开始
12-26 21:03:25[DEBUG] [530]己方绝招链结束
12-26 21:03:27[DEBUG] [603]revise skill BfighterBreak_050102 100050003 buffTrigger
12-26 21:03:27[DEBUG] [603]敌方绝招链开始
12-26 21:03:27[DEBUG] [603]revise skill BfighterBreak_050102 100050003 buffTrigger
12-26 21:03:29[DEBUG] [684]revise skill BfighterBreak_050102 100050003 buffTrigger
12-26 21:03:29[DEBUG] [686]敌方绝招链结束
12-26 21:03:31[DEBUG] [750]敌方绝招链开始
12-26 21:03:33[DEBUG] [824]敌方绝招链结束
12-26 21:03:34[DEBUG] [873]己方绝招链开始
12-26 21:03:44[DEBUG] [1249]己方绝招链结束
12-26 21:03:45[DEBUG] [1284]revise skill BfighterBreak_050102 100050002 buffTrigger
12-26 21:03:45[DEBUG] [1284]敌方绝招链开始
12-26 21:03:45[DEBUG] [1284]revise skill BfighterBreak_050102 100050002 buffTrigger
12-26 21:03:47[DEBUG] [1357]revise skill BfighterBreak_050102 100050002 buffTrigger
12-26 21:03:48[DEBUG] [1365]敌方绝招链结束
12-26 21:03:54[DEBUG] [1603]己方绝招链开始
12-26 21:03:57[DEBUG] [1717]敌方绝招链开始
12-26 21:03:59[DEBUG] [1780]己方绝招链结束
12-26 21:03:59[DEBUG] [1780]己方绝招链开始
12-26 21:04:05[DEBUG] [2017]己方绝招链结束
12-26 21:04:05[DEBUG] [2017]敌方绝招链结束
12-26 21:04:41[DEBUG] [0][BattleInfo] BattleInfo:initRandSeed: 184563
12-26 21:04:41[DEBUG] [0]主场为true
12-26 21:04:41[DEBUG] [0]revise skill BfighterBreak_050202 100050006 condition
12-26 21:04:41[DEBUG] [0]revise skill BfighterBreak_050202 100050006 condition
12-26 21:04:50[DEBUG] [164]己方绝招链开始
12-26 21:05:00[DEBUG] [513]revise skill BfighterBreak_050202 100050002 buffTrigger
12-26 21:05:00[DEBUG] [513]敌方绝招链开始
12-26 21:05:00[DEBUG] [513]revise skill BfighterBreak_050202 100050002 buffTrigger
12-26 21:05:02[DEBUG] [589]revise skill BfighterBreak_050202 100050002 buffTrigger
12-26 21:05:02[DEBUG] [599]己方绝招链结束
12-26 21:05:02[DEBUG] [599]敌方绝招链结束
12-26 21:05:06[DEBUG] [750]敌方绝招链开始
12-26 21:05:08[DEBUG] [824]敌方绝招链结束
12-26 21:05:10[DEBUG] [915]己方绝招链开始
12-26 21:05:19[DEBUG] [1231]己方绝招链结束
12-26 21:06:28[DEBUG] [0][BattleInfo] BattleInfo:initRandSeed: 885563
12-26 21:06:28[DEBUG] [0]主场为true
12-26 21:06:28[DEBUG] [0]revise skill BfighterBreak_050202 100050006 condition
12-26 21:06:28[DEBUG] [0]revise skill BfighterBreak_050202 100050006 condition
12-26 21:06:37[DEBUG] [164]己方绝招链开始
12-26 21:06:47[DEBUG] [513]revise skill BfighterBreak_050202 100050002 buffTrigger
12-26 21:06:47[DEBUG] [513]敌方绝招链开始
12-26 21:06:47[DEBUG] [513]revise skill BfighterBreak_050202 100050002 buffTrigger
12-26 21:06:49[DEBUG] [589]revise skill BfighterBreak_050202 100050002 buffTrigger
12-26 21:06:49[DEBUG] [599]己方绝招链结束
12-26 21:06:49[DEBUG] [599]敌方绝招链结束
12-26 21:06:53[DEBUG] [750]敌方绝招链开始
12-26 21:06:55[DEBUG] [824]敌方绝招链结束
12-26 21:06:58[DEBUG] [918]己方绝招链开始
12-26 21:07:08[DEBUG] [1294]己方绝招链结束
12-26 21:13:26[DEBUG] [0][BattleInfo] BattleInfo:initRandSeed: 600663
12-26 21:13:26[DEBUG] [0]主场为true
12-26 21:13:36[DEBUG] [220]己方绝招链开始
12-26 21:13:42[DEBUG] [453]敌方绝招链开始
12-26 21:13:44[DEBUG] [513]revise skill BfighterBreak_040201 100050005 buffTrigger
12-26 21:13:44[DEBUG] [513]敌方绝招链结束
12-26 21:13:44[DEBUG] [513]敌方绝招链开始
12-26 21:13:44[DEBUG] [513]revise skill BfighterBreak_040201 100050005 buffTrigger
12-26 21:13:45[DEBUG] [531]revise skill BfighterBreak_040201 100050005 buffTrigger
12-26 21:13:46[DEBUG] [591]己方绝招链结束
12-26 21:13:46[DEBUG] [591]敌方绝招链结束
12-26 21:13:50[DEBUG] [750]敌方绝招链开始
12-26 21:13:52[DEBUG] [828]敌方绝招链结束
12-26 21:13:53[DEBUG] [858]己方绝招链开始
12-26 21:14:03[DEBUG] [1235]己方绝招链结束
