12-26 15:15:19[DEBUG] [0][BattleInfo] BattleInfo:initRandSeed: 915443
12-26 15:15:19[DEBUG] [0]主场为true
12-26 15:18:32[DEBUG] [4]revise skill BfighterCamp_010201 22010103 buffTrigger
12-26 15:18:32[DEBUG] [4]敌方绝招链开始
12-26 15:18:32[DEBUG] [4]revise skill BfighterCamp_010201 22010103 buffTrigger
12-26 15:18:32[DEBUG] [4]revise skill BfighterCamp_010201 22010103 connectionTime
12-26 15:18:32[DEBUG] [4]revise skill BfighterCamp_010201 22010103 connectionTime
12-26 15:18:32[DEBUG] [4]revise skill BfighterCamp_010201 22010103 connectionTime
12-26 15:18:34[DEBUG] [89]revise skill BfighterCamp_010201 22010103 buffTrigger
12-26 15:18:36[DEBUG] [149]revise skill BfighterCamp_010201 22010103 buffTrigger
12-26 15:18:36[DEBUG] [149]敌方绝招链结束
12-26 15:18:36[DEBUG] [152]敌方绝招链开始
12-26 15:18:36[DEBUG] [152]revise skill BfighterCamp_010201 22010103 buffTrigger
12-26 15:18:36[DEBUG] [152]revise skill BfighterCamp_010201 22010103 connectionTime
12-26 15:18:36[DEBUG] [152]revise skill BfighterCamp_010201 22010103 connectionTime
12-26 15:18:36[DEBUG] [152]revise skill BfighterCamp_010201 22010103 connectionTime
12-26 15:18:51[DEBUG] [162]己方绝招链开始
12-26 15:18:52[DEBUG] [200]revise skill BfighterCamp_010201 22010103 buffTrigger
12-26 15:18:55[DEBUG] [266]己方绝招链结束
12-26 15:18:55[DEBUG] [266]敌方绝招链结束
12-26 15:18:59[DEBUG] [380]revise skill BfighterCamp_010201 22010103 buffTrigger
12-26 15:18:59[DEBUG] [380]敌方绝招链开始
12-26 15:18:59[DEBUG] [380]revise skill BfighterCamp_010201 22010103 buffTrigger
12-26 15:18:59[DEBUG] [380]revise skill BfighterCamp_010201 22010103 connectionTime
12-26 15:18:59[DEBUG] [380]revise skill BfighterCamp_010201 22010103 connectionTime
12-26 15:18:59[DEBUG] [380]revise skill BfighterCamp_010201 22010103 connectionTime
12-26 15:19:02[DEBUG] [465]revise skill BfighterCamp_010201 22010103 buffTrigger
12-26 15:19:02[DEBUG] [466]敌方绝招链结束
12-26 15:19:08[DEBUG] [613]己方绝招链开始
12-26 15:19:14[DEBUG] [770]己方绝招链结束
12-26 15:19:14[DEBUG] [775]己方绝招链开始
12-26 15:19:36[DEBUG] [1070]己方绝招链结束
12-26 15:55:22[DEBUG] [0][BattleInfo] BattleInfo:initRandSeed: 129643
12-26 15:55:22[DEBUG] [0]主场为true
12-26 15:55:40[DEBUG] [413]己方绝招链开始
12-26 15:55:43[DEBUG] [495]己方绝招链结束
12-26 16:17:26[DEBUG] [0][BattleInfo] BattleInfo:initRandSeed: 642843
12-26 16:17:26[DEBUG] [0]主场为true
12-26 16:17:26[DEBUG] [0]revise skill BfighterCamp_010402 100901 condition
12-26 16:17:26[DEBUG] [0]revise skill BfighterCamp_010402 100901 condition
12-26 16:17:36[DEBUG] [123]revise skill BfighterCamp_010401 20010112 buffTrigger
12-26 16:17:36[DEBUG] [123]敌方绝招链开始
12-26 16:17:36[DEBUG] [123]revise skill BfighterCamp_010401 20010112 buffTrigger
12-26 16:17:37[DEBUG] [165]revise skill BfighterCamp_010401 20010112 buffTrigger
12-26 16:17:37[DEBUG] [167]敌方绝招链结束
12-26 16:17:51[DEBUG] [348]revise skill BfighterCamp_010402 100903 buffTrigger
12-26 16:17:51[DEBUG] [350]敌方绝招链开始
12-26 16:17:51[DEBUG] [350]revise skill BfighterCamp_010402 100903 buffTrigger
12-26 16:17:55[DEBUG] [451]revise skill BfighterCamp_010402 100903 buffTrigger
12-26 16:18:13[DEBUG] [452]revise skill BfighterHelp_010401 60906 buffTrigger
12-26 16:18:13[DEBUG] [452]revise skill BfighterHelp_010401 60906 sigilTrigger
12-26 16:18:13[DEBUG] [455]revise skill BfighterHelp_010401 60906 buffTrigger
12-26 16:18:13[DEBUG] [455]revise skill BfighterHelp_010401 60906 sigilTrigger
12-26 16:18:14[DEBUG] [495]revise skill BfighterHelp_010401 60906 buffTrigger
12-26 16:18:14[DEBUG] [495]revise skill BfighterHelp_010401 60906 sigilTrigger
12-26 16:18:23[DEBUG] [496]己方绝招链开始
12-26 16:18:27[DEBUG] [613]己方绝招链结束
12-26 16:18:27[DEBUG] [613]敌方绝招链结束
12-26 16:34:17[DEBUG] [0][BattleInfo] BattleInfo:initRandSeed: 752943
12-26 16:34:17[DEBUG] [0]主场为true
12-26 16:34:44[DEBUG] [318]己方绝招链开始
12-26 16:34:52[DEBUG] [562]己方绝招链结束
12-26 16:34:53[DEBUG] [603]revise skill BfighterBreak_030102 100050004 buffTrigger
12-26 16:34:53[DEBUG] [603]敌方绝招链开始
12-26 16:34:53[DEBUG] [603]revise skill BfighterBreak_030102 100050004 buffTrigger
12-26 16:34:56[DEBUG] [682]revise skill BfighterBreak_030102 100050004 buffTrigger
12-26 16:34:56[DEBUG] [688]敌方绝招链结束
12-26 16:35:12[DEBUG] [1160]己方绝招链开始
12-26 16:35:16[DEBUG] [1282]revise skill BfighterBreak_030102 100050004 buffTrigger
12-26 16:35:16[DEBUG] [1282]敌方绝招链开始
12-26 16:35:16[DEBUG] [1282]revise skill BfighterBreak_030102 100050004 buffTrigger
12-26 16:35:19[DEBUG] [1364]revise skill BfighterBreak_030102 100050004 buffTrigger
12-26 16:35:20[DEBUG] [1388]己方绝招链结束
12-26 16:35:20[DEBUG] [1388]敌方绝招链结束
12-26 16:35:34[DEBUG] [1816]己方绝招链开始
12-26 16:35:35[DEBUG] [1855]己方绝招链结束
12-26 16:35:35[DEBUG] [1856]己方绝招链开始
12-26 16:35:36[DEBUG] [1872]己方绝招链结束
12-26 16:35:36[DEBUG] [1872]己方绝招链开始
12-26 16:35:39[DEBUG] [1986]己方绝招链结束
